2021-11-04 12:13:52 INFO  .:69 - The execution of method loadFiles started here ...
2021-11-04 12:13:52 INFO  .:84 - The execution of method loadFiles ended here ...
2021-11-04 12:13:54 INFO  .:86 - The execution of method navigate started here ...
2021-11-04 12:13:59 INFO  .:98 - The execution of method navigate ended here ...
2021-11-04 12:13:59 INFO  .:166 - In Test Scenario Login the method navigate execution status is :Pass
2021-11-04 12:14:00 INFO  .:32 - The execution of method login started here ...
2021-11-04 12:14:05 INFO  .:50 - The execution of method login ended here ...
2021-11-04 12:14:05 INFO  .:166 - In Test Scenario Login the method login execution status is :Pass
2021-11-04 12:14:07 INFO  .:166 - In Test Scenario Login the method minimizeFlyOutWindow execution status is :Pass
2021-11-04 12:14:07 INFO  .:76 - The execution of method logout started here ...
2021-11-04 12:14:11 INFO  .:88 - The execution of method logout ended here ...
2021-11-04 12:14:11 INFO  .:166 - In Test Scenario Login the method logout execution status is :Pass
2021-11-04 12:14:12 INFO  .:121 - The execution of method closeApplication started here ...
2021-11-04 12:14:12 INFO  .:124 - The execution of method closeApplication ended here ...
2021-11-04 12:14:12 INFO  .:166 - In Test Scenario Login the method closeApplication execution status is :Pass
2021-11-04 12:14:12 INFO  .:180 - +++++++++++++++++++++++++++++++
2021-11-04 12:14:13 INFO  .:86 - The execution of method navigate started here ...
2021-11-04 12:14:19 INFO  .:98 - The execution of method navigate ended here ...
2021-11-04 12:14:19 INFO  .:166 - In Test Scenario CreateUser the method navigate execution status is :Pass
2021-11-04 12:14:19 INFO  .:32 - The execution of method login started here ...
2021-11-04 12:14:24 INFO  .:50 - The execution of method login ended here ...
2021-11-04 12:14:24 INFO  .:166 - In Test Scenario CreateUser the method login execution status is :Pass
2021-11-04 12:14:26 INFO  .:166 - In Test Scenario CreateUser the method minimizeFlyOutWindow execution status is :Pass
2021-11-04 12:14:26 INFO  .:32 - The execution of method createUser started here ...
2021-11-04 12:14:37 INFO  .:60 - The execution of method createUser ended here ...
2021-11-04 12:14:37 INFO  .:166 - In Test Scenario CreateUser the method createUser execution status is :Pass
2021-11-04 12:14:37 INFO  .:131 - The execution of method deleteUser started here ...
2021-11-04 12:14:46 INFO  .:147 - The execution of method deleteUser ended here ...
2021-11-04 12:14:46 INFO  .:166 - In Test Scenario CreateUser the method deleteUser execution status is :Pass
2021-11-04 12:14:46 INFO  .:76 - The execution of method logout started here ...
2021-11-04 12:14:51 INFO  .:88 - The execution of method logout ended here ...
2021-11-04 12:14:51 INFO  .:166 - In Test Scenario CreateUser the method logout execution status is :Pass
2021-11-04 12:14:51 INFO  .:121 - The execution of method closeApplication started here ...
2021-11-04 12:14:51 INFO  .:124 - The execution of method closeApplication ended here ...
2021-11-04 12:14:51 INFO  .:166 - In Test Scenario CreateUser the method closeApplication execution status is :Pass
2021-11-04 12:14:51 INFO  .:180 - +++++++++++++++++++++++++++++++
2021-11-04 12:14:52 INFO  .:86 - The execution of method navigate started here ...
2021-11-04 12:14:58 INFO  .:98 - The execution of method navigate ended here ...
2021-11-04 12:14:58 INFO  .:166 - In Test Scenario ModifyUser the method navigate execution status is :Pass
2021-11-04 12:14:58 INFO  .:32 - The execution of method login started here ...
2021-11-04 12:15:03 INFO  .:50 - The execution of method login ended here ...
2021-11-04 12:15:03 INFO  .:166 - In Test Scenario ModifyUser the method login execution status is :Pass
2021-11-04 12:15:05 INFO  .:166 - In Test Scenario ModifyUser the method minimizeFlyOutWindow execution status is :Pass
2021-11-04 12:15:05 INFO  .:32 - The execution of method createUser started here ...
2021-11-04 12:15:15 INFO  .:60 - The execution of method createUser ended here ...
2021-11-04 12:15:15 INFO  .:166 - In Test Scenario ModifyUser the method createUser execution status is :Pass
2021-11-04 12:15:15 INFO  .:86 - The execution of method modifyUser started here ...
2021-11-04 12:15:25 INFO  .:106 - The execution of method modifyUser ended here ...
2021-11-04 12:15:25 INFO  .:166 - In Test Scenario ModifyUser the method modifyUser execution status is :Fail
2021-11-04 12:15:25 INFO  .:131 - The execution of method deleteUser started here ...
2021-11-04 12:15:34 INFO  .:147 - The execution of method deleteUser ended here ...
2021-11-04 12:15:34 INFO  .:166 - In Test Scenario ModifyUser the method deleteUser execution status is :Pass
2021-11-04 12:15:34 INFO  .:76 - The execution of method logout started here ...
2021-11-04 12:15:39 INFO  .:88 - The execution of method logout ended here ...
2021-11-04 12:15:39 INFO  .:166 - In Test Scenario ModifyUser the method logout execution status is :Pass
2021-11-04 12:15:39 INFO  .:121 - The execution of method closeApplication started here ...
2021-11-04 12:15:39 INFO  .:124 - The execution of method closeApplication ended here ...
2021-11-04 12:15:39 INFO  .:166 - In Test Scenario ModifyUser the method closeApplication execution status is :Pass
2021-11-04 12:15:39 INFO  .:180 - +++++++++++++++++++++++++++++++
2021-11-04 12:15:39 INFO  .:180 - +++++++++++++++++++++++++++++++
2021-11-04 12:15:39 INFO  .:180 - +++++++++++++++++++++++++++++++
2021-11-04 12:15:39 INFO  .:180 - +++++++++++++++++++++++++++++++
2021-11-04 12:15:39 INFO  .:180 - +++++++++++++++++++++++++++++++
2021-11-04 12:15:39 INFO  .:183 - The execution of method executeTestScenarios ended here ...
2021-11-04 12:15:39 INFO  .:205 - The execution of method endAutomationSuite ended here ...
2021-11-04 12:15:39 INFO  .:208 - The execution of method endAutomationSuite ended here ...
